[2m9:18:00 pm[22m [33m[1m[vite][22m[39m [33m[2m(client)[22m[39m [2m[console.warn] [22m⚠️ React Router Future Flag Warning: React Router will begin wrapping state updates in `React.startTransition` in v7. You can use the `v7_startTransition` future flag to opt-in early. For more information, see https://reactrouter.com/v6/upgrading/future#v7_starttransition.
[2m9:18:00 pm[22m [33m[1m[vite][22m[39m [33m[2m(client)[22m[39m [2m[console.warn] [22m⚠️ React Router Future Flag Warning: Relative route resolution within Splat routes is changing in v7. You can use the `v7_relativeSplatPath` future flag to opt-in early. For more information, see https://reactrouter.com/v6/upgrading/future#v7_relativesplatpath.
[2m9:18:18 pm[22m [33m[1m[vite][22m[39m [33m[2m(client)[22m[39m [2m[console.warn] [22mHMS-Store: possible inconsistency detected -  room leave is called when no room is connected
[2m9:18:25 pm[22m [33m[1m[vite][22m[39m [33m[2m(client)[22m[39m [2m[console.warn] [22m⚠️ React Router Future Flag Warning: React Router will begin wrapping state updates in `React.startTransition` in v7. You can use the `v7_startTransition` future flag to opt-in early. For more information, see https://reactrouter.com/v6/upgrading/future#v7_starttransition.
[2m9:18:25 pm[22m [33m[1m[vite][22m[39m [33m[2m(client)[22m[39m [2m[console.warn] [22m⚠️ React Router Future Flag Warning: Relative route resolution within Splat routes is changing in v7. You can use the `v7_relativeSplatPath` future flag to opt-in early. For more information, see https://reactrouter.com/v6/upgrading/future#v7_relativesplatpath.
[2m9:38:21 pm[22m [33m[1m[vite][22m[39m [33m[2m(client)[22m[39m [2m[console.warn] [22mHMS-Store: possible inconsistency detected -  room leave is called when no room is connected
[2m9:38:21 pm[22m [33m[1m[vite][22m[39m [33m[2m(client)[22m[39m [2m[console.warn] [22m⚠️ React Router Future Flag Warning: React Router will begin wrapping state updates in `React.startTransition` in v7. You can use the `v7_startTransition` future flag to opt-in early. For more information, see https://reactrouter.com/v6/upgrading/future#v7_starttransition.
[2m9:38:21 pm[22m [33m[1m[vite][22m[39m [33m[2m(client)[22m[39m [2m[console.warn] [22m⚠️ React Router Future Flag Warning: Relative route resolution within Splat routes is changing in v7. You can use the `v7_relativeSplatPath` future flag to opt-in early. For more information, see https://reactrouter.com/v6/upgrading/future#v7_relativesplatpath.
[2m9:44:08 pm[22m [33m[1m[vite][22m[39m [33m[2m(client)[22m[39m [2m[console.warn] [22mHMS-Store: possible inconsistency detected -  room leave is called when no room is connected
[2m9:44:08 pm[22m [33m[1m[vite][22m[39m [33m[2m(client)[22m[39m [2m[console.warn] [22m⚠️ React Router Future Flag Warning: React Router will begin wrapping state updates in `React.startTransition` in v7. You can use the `v7_startTransition` future flag to opt-in early. For more information, see https://reactrouter.com/v6/upgrading/future#v7_starttransition.
[2m9:44:08 pm[22m [33m[1m[vite][22m[39m [33m[2m(client)[22m[39m [2m[console.warn] [22m⚠️ React Router Future Flag Warning: Relative route resolution within Splat routes is changing in v7. You can use the `v7_relativeSplatPath` future flag to opt-in early. For more information, see https://reactrouter.com/v6/upgrading/future#v7_relativesplatpath.
[2m9:47:36 pm[22m [33m[1m[vite][22m[39m [33m[2m(client)[22m[39m [2m[console.warn] [22mHMS-Store: possible inconsistency detected -  room leave is called when no room is connected
[2m9:47:37 pm[22m [33m[1m[vite][22m[39m [33m[2m(client)[22m[39m [2m[console.warn] [22m⚠️ React Router Future Flag Warning: React Router will begin wrapping state updates in `React.startTransition` in v7. You can use the `v7_startTransition` future flag to opt-in early. For more information, see https://reactrouter.com/v6/upgrading/future#v7_starttransition.
[2m9:47:37 pm[22m [33m[1m[vite][22m[39m [33m[2m(client)[22m[39m [2m[console.warn] [22m⚠️ React Router Future Flag Warning: Relative route resolution within Splat routes is changing in v7. You can use the `v7_relativeSplatPath` future flag to opt-in early. For more information, see https://reactrouter.com/v6/upgrading/future#v7_relativesplatpath.
[2m9:53:27 pm[22m [33m[1m[vite][22m[39m [33m[2m(client)[22m[39m [2m[console.warn] [22m⚠️ React Router Future Flag Warning: React Router will begin wrapping state updates in `React.startTransition` in v7. You can use the `v7_startTransition` future flag to opt-in early. For more information, see https://reactrouter.com/v6/upgrading/future#v7_starttransition.
[2m9:53:27 pm[22m [33m[1m[vite][22m[39m [33m[2m(client)[22m[39m [2m[console.warn] [22m⚠️ React Router Future Flag Warning: Relative route resolution within Splat routes is changing in v7. You can use the `v7_relativeSplatPath` future flag to opt-in early. For more information, see https://reactrouter.com/v6/upgrading/future#v7_relativesplatpath.
[2m9:56:05 pm[22m [33m[1m[vite][22m[39m [33m[2m(client)[22m[39m [2m[console.warn] [22mHMS-Store: possible inconsistency detected -  room leave is called when no room is connected
[2m9:56:06 pm[22m [33m[1m[vite][22m[39m [33m[2m(client)[22m[39m [2m[console.warn] [22m⚠️ React Router Future Flag Warning: React Router will begin wrapping state updates in `React.startTransition` in v7. You can use the `v7_startTransition` future flag to opt-in early. For more information, see https://reactrouter.com/v6/upgrading/future#v7_starttransition.
[2m9:56:06 pm[22m [33m[1m[vite][22m[39m [33m[2m(client)[22m[39m [2m[console.warn] [22m⚠️ React Router Future Flag Warning: Relative route resolution within Splat routes is changing in v7. You can use the `v7_relativeSplatPath` future flag to opt-in early. For more information, see https://reactrouter.com/v6/upgrading/future#v7_relativesplatpath.
[2m9:57:25 pm[22m [33m[1m[vite][22m[39m [33m[2m(client)[22m[39m [2m[console.warn] [22mHMS-Store: possible inconsistency detected -  room leave is called when no room is connected
[2m9:57:26 pm[22m [33m[1m[vite][22m[39m [33m[2m(client)[22m[39m [2m[console.warn] [22m⚠️ React Router Future Flag Warning: React Router will begin wrapping state updates in `React.startTransition` in v7. You can use the `v7_startTransition` future flag to opt-in early. For more information, see https://reactrouter.com/v6/upgrading/future#v7_starttransition.
[2m9:57:26 pm[22m [33m[1m[vite][22m[39m [33m[2m(client)[22m[39m [2m[console.warn] [22m⚠️ React Router Future Flag Warning: Relative route resolution within Splat routes is changing in v7. You can use the `v7_relativeSplatPath` future flag to opt-in early. For more information, see https://reactrouter.com/v6/upgrading/future#v7_relativesplatpath.
[2m10:00:39 pm[22m [33m[1m[vite][22m[39m [33m[2m(client)[22m[39m [2m[console.warn] [22mHMS-Store: possible inconsistency detected -  room leave is called when no room is connected
[2m10:00:40 pm[22m [33m[1m[vite][22m[39m [33m[2m(client)[22m[39m [2m[console.warn] [22m⚠️ React Router Future Flag Warning: React Router will begin wrapping state updates in `React.startTransition` in v7. You can use the `v7_startTransition` future flag to opt-in early. For more information, see https://reactrouter.com/v6/upgrading/future#v7_starttransition.
[2m10:00:40 pm[22m [33m[1m[vite][22m[39m [33m[2m(client)[22m[39m [2m[console.warn] [22m⚠️ React Router Future Flag Warning: Relative route resolution within Splat routes is changing in v7. You can use the `v7_relativeSplatPath` future flag to opt-in early. For more information, see https://reactrouter.com/v6/upgrading/future#v7_relativesplatpath.
[2m11:40:08 pm[22m [33m[1m[vite][22m[39m [33m[2m(client)[22m[39m [2m[console.warn] [22mHMS-Store: possible inconsistency detected -  room leave is called when no room is connected
[2m11:40:08 pm[22m [33m[1m[vite][22m[39m [33m[2m(client)[22m[39m [2m[console.warn] [22mHMS-Store: possible inconsistency detected -  room leave is called when no room is connected
[2m6:47:10 am[22m [33m[1m[vite][22m[39m [33m[2m(client)[22m[39m [2m[console.warn] [22m⚠️ React Router Future Flag Warning: React Router will begin wrapping state updates in `React.startTransition` in v7. You can use the `v7_startTransition` future flag to opt-in early. For more information, see https://reactrouter.com/v6/upgrading/future#v7_starttransition.
[2m6:47:10 am[22m [33m[1m[vite][22m[39m [33m[2m(client)[22m[39m [2m[console.warn] [22m⚠️ React Router Future Flag Warning: Relative route resolution within Splat routes is changing in v7. You can use the `v7_relativeSplatPath` future flag to opt-in early. For more information, see https://reactrouter.com/v6/upgrading/future#v7_relativesplatpath.
[2m6:51:55 am[22m [33m[1m[vite][22m[39m [33m[2m(client)[22m[39m [2m[console.warn] [22mHMS-Store: possible inconsistency detected -  room leave is called when no room is connected
[2m6:51:56 am[22m [33m[1m[vite][22m[39m [33m[2m(client)[22m[39m [2m[console.warn] [22m⚠️ React Router Future Flag Warning: React Router will begin wrapping state updates in `React.startTransition` in v7. You can use the `v7_startTransition` future flag to opt-in early. For more information, see https://reactrouter.com/v6/upgrading/future#v7_starttransition.
[2m6:51:56 am[22m [33m[1m[vite][22m[39m [33m[2m(client)[22m[39m [2m[console.warn] [22m⚠️ React Router Future Flag Warning: Relative route resolution within Splat routes is changing in v7. You can use the `v7_relativeSplatPath` future flag to opt-in early. For more information, see https://reactrouter.com/v6/upgrading/future#v7_relativesplatpath.
[2m6:52:06 am[22m [33m[1m[vite][22m[39m [33m[2m(client)[22m[39m [2m[console.warn] [22mHMS-Store: possible inconsistency detected -  room leave is called when no room is connected
[2m6:52:41 am[22m [33m[1m[vite][22m[39m [33m[2m(client)[22m[39m [2m[console.warn] [22m⚠️ React Router Future Flag Warning: React Router will begin wrapping state updates in `React.startTransition` in v7. You can use the `v7_startTransition` future flag to opt-in early. For more information, see https://reactrouter.com/v6/upgrading/future#v7_starttransition.
[2m6:52:41 am[22m [33m[1m[vite][22m[39m [33m[2m(client)[22m[39m [2m[console.warn] [22m⚠️ React Router Future Flag Warning: Relative route resolution within Splat routes is changing in v7. You can use the `v7_relativeSplatPath` future flag to opt-in early. For more information, see https://reactrouter.com/v6/upgrading/future#v7_relativesplatpath.
[2m6:54:21 am[22m [31m[1m[vite][22m[39m [31m[2m(client)[22m[39m [31m[Unhandled error] [1mNotFoundError[22m: Failed to execute 'removeChild' on 'Node': The node to be removed is not a child of this node.
[39m > removeChild node_modules/react-dom/cjs/react-dom.development.js:11099:17
 > commitDeletionEffectsOnFiber node_modules/react-dom/cjs/react-dom.development.js:24067:14
 > recursivelyTraverseDeletionEffects node_modules/react-dom/cjs/react-dom.development.js:24028:4
 > commitDeletionEffectsOnFiber node_modules/react-dom/cjs/react-dom.development.js:24209:8
 > recursivelyTraverseDeletionEffects node_modules/react-dom/cjs/react-dom.development.js:24028:4
 > commitDeletionEffectsOnFiber node_modules/react-dom/cjs/react-dom.development.js:24157:8
 > recursivelyTraverseDeletionEffects node_modules/react-dom/cjs/react-dom.development.js:24028:4
 > commitDeletionEffectsOnFiber node_modules/react-dom/cjs/react-dom.development.js:24172:8
 > recursivelyTraverseDeletionEffects node_modules/react-dom/cjs/react-dom.development.js:24028:4
 > commitDeletionEffectsOnFiber node_modules/react-dom/cjs/react-dom.development.js:24157:8

[2m6:54:21 am[22m [31m[1m[vite][22m[39m [31m[2m(client)[22m[39m [2m[console.error] [22mThe above error occurred in the <AnimatePresence> component:

    at AnimatePresence (http://localhost:3000/node_modules/.vite/deps/framer-motion.js?v=8a4a5d0a:8869:26)
    at ChainBadge (http://localhost:3000/src/components/ChainBadge.jsx:20:38)
    at div
    at div
    at Room (http://localhost:3000/src/pages/Room.jsx?t=1776302659815:16:19)
    at RenderedRoute (http://localhost:3000/node_modules/.vite/deps/react-router-dom.js?v=8a4a5d0a:3332:8)
    at Outlet (http://localhost:3000/node_modules/.vite/deps/react-router-dom.js?v=8a4a5d0a:3703:25)
    at ProtectedRoute (http://localhost:3000/src/components/auth/ProtectedRoute.jsx:9:19)
    at RenderedRoute (http://localhost:3000/node_modules/.vite/deps/react-router-dom.js?v=8a4a5d0a:3332:8)
    at Routes (http://localhost:3000/node_modules/.vite/deps/react-router-dom.js?v=8a4a5d0a:3775:8)
    at PopChildMeasure (http://localhost:3000/node_modules/.vite/deps/framer-motion.js?v=8a4a5d0a:8618:23)
    at PopChild (http://localhost:3000/node_modules/.vite/deps/framer-motion.js?v=8a4a5d0a:8644:21)
    at PresenceChild (http://localhost:3000/node_modules/.vite/deps/framer-motion.js?v=8a4a5d0a:8700:24)
    at AnimatePresence (http://localhost:3000/node_modules/.vite/deps/framer-motion.js?v=8a4a5d0a:8869:26)
    at AppRoutes (http://localhost:3000/src/App.jsx:29:19)
    at MeetingProvider (http://localhost:3000/src/context/MeetingContext.jsx:50:35)
    at UIProvider (http://localhost:3000/src/context/UIContext.jsx:13:30)
    at UserProvider (http://localhost:3000/src/context/UserContext.jsx:49:32)
    at AnimationProvider (http://localhost:3000/src/context/AnimationContext.jsx:16:37)
    at Router (http://localhost:3000/node_modules/.vite/deps/react-router-dom.js?v=8a4a5d0a:3723:18)
    at BrowserRouter (http://localhost:3000/node_modules/.vite/deps/react-router-dom.js?v=8a4a5d0a:4402:8)
    at App
    at l (http://localhost:3000/node_modules/.vite/deps/@100mslive_react-sdk.js?v=8a4a5d0a:19890:67)

Consider adding an error boundary to your tree to customize error handling behavior.
Visit https://reactjs.org/link/error-boundaries to learn more about error boundaries.
[2m6:54:21 am[22m [31m[1m[vite][22m[39m [31m[2m(client)[22m[39m [31m[Unhandled error] [1mNotFoundError[22m: Failed to execute 'removeChild' on 'Node': The node to be removed is not a child of this node.
[39m > removeChild node_modules/react-dom/cjs/react-dom.development.js:11099:17
 > commitDeletionEffectsOnFiber node_modules/react-dom/cjs/react-dom.development.js:24067:14
 > recursivelyTraverseDeletionEffects node_modules/react-dom/cjs/react-dom.development.js:24028:4
 > commitDeletionEffectsOnFiber node_modules/react-dom/cjs/react-dom.development.js:24209:8
 > recursivelyTraverseDeletionEffects node_modules/react-dom/cjs/react-dom.development.js:24028:4
 > commitDeletionEffectsOnFiber node_modules/react-dom/cjs/react-dom.development.js:24157:8
 > recursivelyTraverseDeletionEffects node_modules/react-dom/cjs/react-dom.development.js:24028:4
 > commitDeletionEffectsOnFiber node_modules/react-dom/cjs/react-dom.development.js:24172:8
 > recursivelyTraverseDeletionEffects node_modules/react-dom/cjs/react-dom.development.js:24028:4
 > commitDeletionEffectsOnFiber node_modules/react-dom/cjs/react-dom.development.js:24157:8

[2m6:56:53 am[22m [33m[1m[vite][22m[39m [33m[2m(client)[22m[39m [2m[console.warn] [22m⚠️ React Router Future Flag Warning: React Router will begin wrapping state updates in `React.startTransition` in v7. You can use the `v7_startTransition` future flag to opt-in early. For more information, see https://reactrouter.com/v6/upgrading/future#v7_starttransition.
[2m6:56:53 am[22m [33m[1m[vite][22m[39m [33m[2m(client)[22m[39m [2m[console.warn] [22m⚠️ React Router Future Flag Warning: Relative route resolution within Splat routes is changing in v7. You can use the `v7_relativeSplatPath` future flag to opt-in early. For more information, see https://reactrouter.com/v6/upgrading/future#v7_relativesplatpath.
[2m7:18:24 am[22m [33m[1m[vite][22m[39m [33m[2m(client)[22m[39m [2m[console.warn] [22mHMS-Store: possible inconsistency detected -  room leave is called when no room is connected
[2m7:18:24 am[22m [33m[1m[vite][22m[39m [33m[2m(client)[22m[39m [2m[console.warn] [22m⚠️ React Router Future Flag Warning: React Router will begin wrapping state updates in `React.startTransition` in v7. You can use the `v7_startTransition` future flag to opt-in early. For more information, see https://reactrouter.com/v6/upgrading/future#v7_starttransition.
[2m7:18:24 am[22m [33m[1m[vite][22m[39m [33m[2m(client)[22m[39m [2m[console.warn] [22m⚠️ React Router Future Flag Warning: Relative route resolution within Splat routes is changing in v7. You can use the `v7_relativeSplatPath` future flag to opt-in early. For more information, see https://reactrouter.com/v6/upgrading/future#v7_relativesplatpath.
[2m7:19:54 am[22m [33m[1m[vite][22m[39m [33m[2m(client)[22m[39m [2m[console.warn] [22mHMS-Store: possible inconsistency detected -  room leave is called when no room is connected
[2m7:20:18 am[22m [33m[1m[vite][22m[39m [33m[2m(client)[22m[39m [2m[console.warn] [22m⚠️ React Router Future Flag Warning: React Router will begin wrapping state updates in `React.startTransition` in v7. You can use the `v7_startTransition` future flag to opt-in early. For more information, see https://reactrouter.com/v6/upgrading/future#v7_starttransition.
[2m7:20:18 am[22m [33m[1m[vite][22m[39m [33m[2m(client)[22m[39m [2m[console.warn] [22m⚠️ React Router Future Flag Warning: Relative route resolution within Splat routes is changing in v7. You can use the `v7_relativeSplatPath` future flag to opt-in early. For more information, see https://reactrouter.com/v6/upgrading/future#v7_relativesplatpath.
[2m7:22:49 am[22m [33m[1m[vite][22m[39m [33m[2m(client)[22m[39m [2m[console.warn] [22m⚠️ React Router Future Flag Warning: React Router will begin wrapping state updates in `React.startTransition` in v7. You can use the `v7_startTransition` future flag to opt-in early. For more information, see https://reactrouter.com/v6/upgrading/future#v7_starttransition.
[2m7:22:49 am[22m [33m[1m[vite][22m[39m [33m[2m(client)[22m[39m [2m[console.warn] [22m⚠️ React Router Future Flag Warning: Relative route resolution within Splat routes is changing in v7. You can use the `v7_relativeSplatPath` future flag to opt-in early. For more information, see https://reactrouter.com/v6/upgrading/future#v7_relativesplatpath.
[2m7:25:13 am[22m [33m[1m[vite][22m[39m [33m[2m(client)[22m[39m [2m[console.warn] [22mHMS-Store: possible inconsistency detected -  room leave is called when no room is connected
[2m7:25:35 am[22m [33m[1m[vite][22m[39m [33m[2m(client)[22m[39m [2m[console.warn] [22mHMS-Store: possible inconsistency detected -  room leave is called when no room is connected
[2m7:25:35 am[22m [33m[1m[vite][22m[39m [33m[2m(client)[22m[39m [2m[console.warn] [22m⚠️ React Router Future Flag Warning: React Router will begin wrapping state updates in `React.startTransition` in v7. You can use the `v7_startTransition` future flag to opt-in early. For more information, see https://reactrouter.com/v6/upgrading/future#v7_starttransition.
[2m7:25:35 am[22m [33m[1m[vite][22m[39m [33m[2m(client)[22m[39m [2m[console.warn] [22m⚠️ React Router Future Flag Warning: Relative route resolution within Splat routes is changing in v7. You can use the `v7_relativeSplatPath` future flag to opt-in early. For more information, see https://reactrouter.com/v6/upgrading/future#v7_relativesplatpath.
[2m7:25:52 am[22m [33m[1m[vite][22m[39m [33m[2m(client)[22m[39m [2m[console.warn] [22m⚠️ React Router Future Flag Warning: React Router will begin wrapping state updates in `React.startTransition` in v7. You can use the `v7_startTransition` future flag to opt-in early. For more information, see https://reactrouter.com/v6/upgrading/future#v7_starttransition.
[2m7:25:52 am[22m [33m[1m[vite][22m[39m [33m[2m(client)[22m[39m [2m[console.warn] [22m⚠️ React Router Future Flag Warning: Relative route resolution within Splat routes is changing in v7. You can use the `v7_relativeSplatPath` future flag to opt-in early. For more information, see https://reactrouter.com/v6/upgrading/future#v7_relativesplatpath.
[2m7:26:00 am[22m [33m[1m[vite][22m[39m [33m[2m(client)[22m[39m [2m[console.warn] [22mHMS-Store: possible inconsistency detected -  room leave is called when no room is connected
[2m7:26:06 am[22m [33m[1m[vite][22m[39m [33m[2m(client)[22m[39m [2m[console.warn] [22mHMS-Store: possible inconsistency detected -  room leave is called when no room is connected
[2m7:26:07 am[22m [33m[1m[vite][22m[39m [33m[2m(client)[22m[39m [2m[console.warn] [22m⚠️ React Router Future Flag Warning: React Router will begin wrapping state updates in `React.startTransition` in v7. You can use the `v7_startTransition` future flag to opt-in early. For more information, see https://reactrouter.com/v6/upgrading/future#v7_starttransition.
[2m7:26:07 am[22m [33m[1m[vite][22m[39m [33m[2m(client)[22m[39m [2m[console.warn] [22m⚠️ React Router Future Flag Warning: Relative route resolution within Splat routes is changing in v7. You can use the `v7_relativeSplatPath` future flag to opt-in early. For more information, see https://reactrouter.com/v6/upgrading/future#v7_relativesplatpath.
