
> etherxmeet-backend@1.0.0 dev
> nodemon src/index.js

[33m[nodemon] 3.1.14[39m
[33m[nodemon] to restart at any time, enter `rs`[39m
[33m[nodemon] watching path(s): *.*[39m
[33m[nodemon] watching extensions: js,mjs,cjs,json[39m
[32m[nodemon] starting `node src/index.js`[39m
◇ injected env (9) from .env // tip: ⌘ enable debugging { debug: true }
MongoDB connected: localhost
EtherXMeet backend running on http://localhost:5000
[0mGET /api/auth/google [36m302[0m 3.717 ms - 0[0m
[0mGET /api/auth/google/callback?iss=https%3A%2F%2Faccounts.google.com&code=4%2F0Aci98E_gNLTzQnOpD6NE1QJ7q9R5t_vT1wAQJxmbdaA-A0wtpLMsZB1bsgzs08qtOzN3gA&scope=email+profile+https%3A%2F%2Fwww.googleapis.com%2Fauth%2Fuserinfo.email+openid+https%3A%2F%2Fwww.googleapis.com%2Fauth%2Fuserinfo.profile&authuser=0&prompt=none [36m302[0m 801.692 ms - 303[0m
[0mGET /api/auth/me [36m304[0m 22.357 ms - -[0m
[0mGET /api/auth/me [36m304[0m 15.435 ms - -[0m

> etherxmeet-backend@1.0.0 dev
> nodemon src/index.js

[33m[nodemon] 3.1.14[39m
[33m[nodemon] to restart at any time, enter `rs`[39m
[33m[nodemon] watching path(s): *.*[39m
[33m[nodemon] watching extensions: js,mjs,cjs,json[39m
[32m[nodemon] starting `node src/index.js`[39m
◇ injected env (9) from .env // tip: ⌘ enable debugging { debug: true }
MongoDB connected: localhost
EtherXMeet backend running on http://localhost:5000
